<?xml version="1.0" encoding="UTF-8"?>
<!-- Generated by org.testng.reporters.JUnitXMLReporter -->
<testsuite ignored="0" hostname="DESKTOP-N34I4TF" failures="0" tests="7" name="Test" time="103.468" errors="0" timestamp="2021-05-12T10:45:19 IST">
  <testcase classname="Academy.Test_AgentLogin" name="basePageNavigation" time="19.688"/>
  <testcase classname="Academy.Test_ClientLogin" name="ClientJoiningCall" time="12.539"/>
  <testcase classname="Academy.Test_AgentLogin" name="ApproveDeny" time="3.659"/>
  <testcase classname="Academy.Test_ClientLogin" name="ClientSideChat" time="26.723"/>
  <testcase classname="Academy.Test_AgentLogin" name="ActionByAgent" time="27.653"/>
  <testcase classname="Academy.Test_AgentLogin" name="end" time="9.693"/>
  <testcase classname="Academy.Test_ClientLogin" name="endClient" time="3.361"/>
</testsuite> <!-- Test -->
